{
  "RSpec": {
    "coverage": {
      "/Users/andrewgibbs/Projects/tech_tests/bank_tech_test/spec/features/feature_spec.rb": [
        null,
        null,
        1,
        1,
        null,
        1,
        7,
        6,
        null,
        1,
        1,
        null,
        null,
        1,
        1,
        1,
        1,
        null,
        null,
        null,
        1,
        1,
        1,
        1,
        null,
        null,
        null,
        1,
        1,
        1,
        1,
        null,
        null,
        1,
        1,
        1,
        1,
        null,
        null,
        null,
        1,
        1,
        1,
        1,
        1,
        null,
        null,
        null,
        null,
        null,
        null,
        null,
        null
      ],
      "/Users/andrewgibbs/Projects/tech_tests/bank_tech_test/lib/transactions.rb": [
        null,
        null,
        1,
        1,
        1,
        null,
        1,
        14,
        14,
        null,
        null,
        1,
        17,
        17,
        16,
        16,
        null,
        null,
        1,
        8,
        7,
        6,
        5,
        5,
        null,
        null,
        1,
        24,
        null,
        null,
        null,
        1,
        2,
        null,
        null,
        1,
        null,
        1,
        25,
        null,
        null,
        1,
        24,
        null,
        null,
        1,
        6,
        null,
        null
      ],
      "/Users/andrewgibbs/Projects/tech_tests/bank_tech_test/lib/printer.rb": [
        null,
        null,
        1,
        1,
        null,
        1,
        5,
        5,
        5,
        5,
        15,
        null,
        null,
        null,
        1,
        null,
        1,
        5,
        10,
        3,
        null,
        7,
        null,
        null,
        null,
        null,
        1,
        5,
        null,
        null,
        1,
        20,
        null,
        null
      ],
      "/Users/andrewgibbs/Projects/tech_tests/bank_tech_test/spec/method_helper_spec.rb": [
        null,
        null,
        1,
        1,
        null,
        1,
        0,
        null,
        null,
        1,
        1,
        null,
        null,
        1,
        3,
        null,
        null,
        1,
        1,
        1,
        null,
        null,
        1,
        4,
        4,
        null
      ],
      "/Users/andrewgibbs/Projects/tech_tests/bank_tech_test/spec/printer_spec.rb": [
        null,
        null,
        1,
        null,
        1,
        4,
        3,
        2,
        2,
        null,
        1,
        1,
        2,
        null,
        null,
        1,
        2,
        null,
        null,
        null,
        1,
        2,
        null,
        null,
        null,
        null,
        null,
        null
      ],
      "/Users/andrewgibbs/Projects/tech_tests/bank_tech_test/spec/transactions_spec.rb": [
        null,
        null,
        1,
        1,
        null,
        1,
        9,
        9,
        null,
        1,
        1,
        1,
        1,
        1,
        null,
        null,
        1,
        2,
        null,
        null,
        1,
        null,
        null,
        null,
        null,
        1,
        1,
        4,
        null,
        null,
        1,
        1,
        1,
        null,
        null,
        1,
        2,
        null,
        null,
        1,
        2,
        null,
        null,
        1,
        2,
        null,
        null,
        null,
        1,
        1,
        1,
        1,
        1,
        1,
        null,
        null,
        null,
        null,
        null,
        null,
        null,
        1,
        1,
        1,
        1,
        null,
        1,
        1,
        null,
        null,
        null,
        null,
        null,
        null,
        null,
        null
      ]
    },
    "timestamp": 1539263928
  }
}
